<?xml version="1.0" encoding="UTF-8"?>
<coverage generated="1576707033357" clover="3.2.0">
  <project timestamp="1576707033357" name="All files">
    <metrics statements="10" coveredstatements="10" conditionals="9" coveredconditionals="9" methods="1" coveredmethods="1" elements="20" coveredelements="20" complexity="0" loc="10" ncloc="10" packages="1" files="1" classes="1"/>
    <file name="app.js" path="C:\Dev\Netology\ajs-homeworks\unit-test\task-1\src\js\app.js">
      <metrics statements="10" coveredstatements="10" conditionals="9" coveredconditionals="9" methods="1" coveredmethods="1"/>
      <line num="2" count="8" type="cond" truecount="3" falsecount="0"/>
      <line num="3" count="8" type="cond" truecount="2" falsecount="0"/>
      <line num="5" count="4" type="stmt"/>
      <line num="6" count="4" type="cond" truecount="2" falsecount="0"/>
      <line num="7" count="1" type="stmt"/>
      <line num="8" count="3" type="cond" truecount="2" falsecount="0"/>
      <line num="9" count="1" type="stmt"/>
      <line num="11" count="4" type="stmt"/>
      <line num="14" count="1" type="stmt"/>
      <line num="15" count="1" type="stmt"/>
    </file>
  </project>
</coverage>
