{"C:\\Dev\\Netology\\ajs-homeworks\\unit-test\\task-1\\src\\js\\app.js": {"path":"C:\\Dev\\Netology\\ajs-homeworks\\unit-test\\task-1\\src\\js\\app.js","statementMap":{"0":{"start":{"line":2,"column":23},"end":{"line":2,"column":87}},"1":{"start":{"line":3,"column":2},"end":{"line":3,"column":33}},"2":{"start":{"line":3,"column":21},"end":{"line":3,"column":33}},"3":{"start":{"line":5,"column":21},"end":{"line":5,"column":30}},"4":{"start":{"line":6,"column":2},"end":{"line":10,"column":3}},"5":{"start":{"line":7,"column":4},"end":{"line":7,"column":30}},"6":{"start":{"line":8,"column":9},"end":{"line":10,"column":3}},"7":{"start":{"line":9,"column":4},"end":{"line":9,"column":29}},"8":{"start":{"line":11,"column":2},"end":{"line":11,"column":22}},"9":{"start":{"line":14,"column":26},"end":{"line":14,"column":70}},"10":{"start":{"line":15,"column":0},"end":{"line":15,"column":40}}},"fnMap":{"0":{"name":"getHealthStatus","decl":{"start":{"line":1,"column":24},"end":{"line":1,"column":39}},"loc":{"start":{"line":1,"column":58},"end":{"line":12,"column":1}},"line":1}},"branchMap":{"0":{"loc":{"start":{"line":2,"column":23},"end":{"line":2,"column":87}},"type":"binary-expr","locations":[{"start":{"line":2,"column":24},"end":{"line":2,"column":42}},{"start":{"line":2,"column":48},"end":{"line":2,"column":68}},{"start":{"line":2,"column":74},"end":{"line":2,"column":86}}],"line":2},"1":{"loc":{"start":{"line":3,"column":2},"end":{"line":3,"column":33}},"type":"if","locations":[{"start":{"line":3,"column":2},"end":{"line":3,"column":33}},{"start":{"line":3,"column":2},"end":{"line":3,"column":33}}],"line":3},"2":{"loc":{"start":{"line":6,"column":2},"end":{"line":10,"column":3}},"type":"if","locations":[{"start":{"line":6,"column":2},"end":{"line":10,"column":3}},{"start":{"line":6,"column":2},"end":{"line":10,"column":3}}],"line":6},"3":{"loc":{"start":{"line":8,"column":9},"end":{"line":10,"column":3}},"type":"if","locations":[{"start":{"line":8,"column":9},"end":{"line":10,"column":3}},{"start":{"line":8,"column":9},"end":{"line":10,"column":3}}],"line":8}},"s":{"0":8,"1":8,"2":4,"3":4,"4":4,"5":1,"6":3,"7":1,"8":4,"9":1,"10":1},"f":{"0":8},"b":{"0":[8,7,6],"1":[4,4],"2":[1,3],"3":[1,2]},"_coverageSchema":"43e27e138ebf9cfc5966b082cf9a028302ed4184","hash":"5723b474183f5979555989d856cdf6b7762cd77e"}
}
